<?xml version="1.0" encoding="UTF-8"?>
<!-- Generated by org.testng.reporters.JUnitReportReporter -->
<testsuite skipped="0" hostname="Rana-pc45" name="com.seleniumTest.TestNgBasic" tests="3" failures="0" timestamp="06 Oct 2020 02:47:39 GMT" time="14.627" errors="0">
  <testcase name="PreCondition" time="3.261" classname="com.seleniumTest.TestNgBasic"/>
  <testcase name="Process" time="9.789" classname="com.seleniumTest.TestNgBasic"/>
  <testcase name="PostCondition" time="1.577" classname="com.seleniumTest.TestNgBasic"/>
</testsuite> <!-- com.seleniumTest.TestNgBasic -->
