<?xml version="1.0" encoding="UTF-8"?>
<!-- Generated by org.testng.reporters.JUnitReportReporter -->
<testsuite skipped="0" hostname="Rana-pc45" name="com.dbs.test.dbwHomePageTest" tests="1" failures="0" timestamp="15 Oct 2020 06:33:51 GMT" time="1.830" errors="0">
  <testcase name="Open_DWS_HomePage" time="1.830" classname="com.dbs.test.dbwHomePageTest"/>
</testsuite> <!-- com.dbs.test.dbwHomePageTest -->
