<?xml version="1.0" encoding="UTF-8"?>
<!-- Generated by org.testng.reporters.JUnitReportReporter -->
<testsuite skipped="0" hostname="Rana-pc45" name="com.dbs.test.dbwAppTestStep" tests="4" failures="0" timestamp="10 Oct 2020 07:29:52 GMT" time="13.122" errors="0">
  <testcase name="Open_DWS_HomePage" time="2.406" classname="com.dbs.test.dbwAppTestStep"/>
  <testcase name="setToLoginPage" time="0.491" classname="com.dbs.test.dbwAppTestStep"/>
  <testcase name="LoginPage" time="0.826" classname="com.dbs.test.dbwAppTestStep"/>
  <testcase name="Process" time="9.399" classname="com.dbs.test.dbwAppTestStep"/>
</testsuite> <!-- com.dbs.test.dbwAppTestStep -->
