<?xml version="1.0" encoding="UTF-8"?>
<!-- Generated by org.testng.reporters.JUnitReportReporter -->
<testsuite skipped="0" hostname="Rana-pc45" name="com.dbs.test.dbwLoginPageTest" tests="2" failures="0" timestamp="15 Oct 2020 18:44:11 GMT" time="1.394" errors="0">
  <testcase name="setToLoginPage" time="0.608" classname="com.dbs.test.dbwLoginPageTest"/>
  <testcase name="LoginPage" time="0.786" classname="com.dbs.test.dbwLoginPageTest"/>
</testsuite> <!-- com.dbs.test.dbwLoginPageTest -->
