<?xml version="1.0" encoding="UTF-8"?>
<!-- Generated by org.testng.reporters.JUnitReportReporter -->
<testsuite skipped="0" hostname="Rana-pc45" name="com.dbs.test.dbwOrderCreationTest" tests="1" failures="0" timestamp="15 Oct 2020 06:33:51 GMT" time="9.082" errors="0">
  <testcase name="Process" time="9.082" classname="com.dbs.test.dbwOrderCreationTest"/>
</testsuite> <!-- com.dbs.test.dbwOrderCreationTest -->
